2021-04-06 10:15:42,380 ERROR 55051 nodejs.ClusterClientNoResponseError: client no response in 573287ms exceeding maxIdleTime 60000ms, maybe the connection is close on other side.
    at Timeout._onTimeout (/Users/cc/github/react-ssr-pie/node_modules/cluster-client/lib/leader.js:77:23)
    at listOnTimeout (internal/timers.js:549:17)
    at processTimers (internal/timers.js:492:7)
name: "ClusterClientNoResponseError"
pid: 55051
hostname: ccdeMacBook-Pro.local

2021-04-06 20:45:01,946 ERROR 55051 nodejs.ClusterClientNoResponseError: client no response in 37739140ms exceeding maxIdleTime 60000ms, maybe the connection is close on other side.
    at Timeout._onTimeout (/Users/cc/github/react-ssr-pie/node_modules/cluster-client/lib/leader.js:77:23)
    at listOnTimeout (internal/timers.js:549:17)
    at processTimers (internal/timers.js:492:7)
name: "ClusterClientNoResponseError"
pid: 55051
hostname: ccdeMacBook-Pro.local

2021-04-07 07:10:11,716 ERROR 55051 nodejs.ClusterClientNoResponseError: client no response in 37509265ms exceeding maxIdleTime 60000ms, maybe the connection is close on other side.
    at Timeout._onTimeout (/Users/cc/github/react-ssr-pie/node_modules/cluster-client/lib/leader.js:77:23)
    at listOnTimeout (internal/timers.js:549:17)
    at processTimers (internal/timers.js:492:7)
name: "ClusterClientNoResponseError"
pid: 55051
hostname: ccdeMacBook-Pro.local

2021-04-07 22:10:52,231 ERROR 55051 nodejs.ClusterClientNoResponseError: client no response in 54000501ms exceeding maxIdleTime 60000ms, maybe the connection is close on other side.
    at Timeout._onTimeout (/Users/cc/github/react-ssr-pie/node_modules/cluster-client/lib/leader.js:77:23)
    at listOnTimeout (internal/timers.js:549:17)
    at processTimers (internal/timers.js:492:7)
name: "ClusterClientNoResponseError"
pid: 55051
hostname: ccdeMacBook-Pro.local

2021-04-07 23:33:48,952 ERROR 55051 nodejs.ClusterClientNoResponseError: client no response in 575830ms exceeding maxIdleTime 60000ms, maybe the connection is close on other side.
    at Timeout._onTimeout (/Users/cc/github/react-ssr-pie/node_modules/cluster-client/lib/leader.js:77:23)
    at listOnTimeout (internal/timers.js:549:17)
    at processTimers (internal/timers.js:492:7)
name: "ClusterClientNoResponseError"
pid: 55051
hostname: ccdeMacBook-Pro.local

2021-04-08 07:07:38,858 ERROR 55051 nodejs.ClusterClientNoResponseError: client no response in 27209886ms exceeding maxIdleTime 60000ms, maybe the connection is close on other side.
    at Timeout._onTimeout (/Users/cc/github/react-ssr-pie/node_modules/cluster-client/lib/leader.js:77:23)
    at listOnTimeout (internal/timers.js:549:17)
    at processTimers (internal/timers.js:492:7)
name: "ClusterClientNoResponseError"
pid: 55051
hostname: ccdeMacBook-Pro.local

2021-04-08 09:55:34,498 ERROR 55051 nodejs.ClusterClientNoResponseError: client no response in 573703ms exceeding maxIdleTime 60000ms, maybe the connection is close on other side.
    at Timeout._onTimeout (/Users/cc/github/react-ssr-pie/node_modules/cluster-client/lib/leader.js:77:23)
    at listOnTimeout (internal/timers.js:549:17)
    at processTimers (internal/timers.js:492:7)
name: "ClusterClientNoResponseError"
pid: 55051
hostname: ccdeMacBook-Pro.local

2021-04-08 20:45:01,840 ERROR 55051 nodejs.ClusterClientNoResponseError: client no response in 38946683ms exceeding maxIdleTime 60000ms, maybe the connection is close on other side.
    at Timeout._onTimeout (/Users/cc/github/react-ssr-pie/node_modules/cluster-client/lib/leader.js:77:23)
    at listOnTimeout (internal/timers.js:549:17)
    at processTimers (internal/timers.js:492:7)
name: "ClusterClientNoResponseError"
pid: 55051
hostname: ccdeMacBook-Pro.local

2021-04-08 21:50:48,569 ERROR 55051 nodejs.ClusterClientNoResponseError: client no response in 3946664ms exceeding maxIdleTime 60000ms, maybe the connection is close on other side.
    at Timeout._onTimeout (/Users/cc/github/react-ssr-pie/node_modules/cluster-client/lib/leader.js:77:23)
    at listOnTimeout (internal/timers.js:549:17)
    at processTimers (internal/timers.js:492:7)
name: "ClusterClientNoResponseError"
pid: 55051
hostname: ccdeMacBook-Pro.local

2021-04-08 23:26:03,588 ERROR 55051 nodejs.ClusterClientNoResponseError: client no response in 574076ms exceeding maxIdleTime 60000ms, maybe the connection is close on other side.
    at Timeout._onTimeout (/Users/cc/github/react-ssr-pie/node_modules/cluster-client/lib/leader.js:77:23)
    at listOnTimeout (internal/timers.js:549:17)
    at processTimers (internal/timers.js:492:7)
name: "ClusterClientNoResponseError"
pid: 55051
hostname: ccdeMacBook-Pro.local

2021-04-09 07:39:05,435 ERROR 55051 nodejs.ClusterClientNoResponseError: client no response in 29561832ms exceeding maxIdleTime 60000ms, maybe the connection is close on other side.
    at Timeout._onTimeout (/Users/cc/github/react-ssr-pie/node_modules/cluster-client/lib/leader.js:77:23)
    at listOnTimeout (internal/timers.js:549:17)
    at processTimers (internal/timers.js:492:7)
name: "ClusterClientNoResponseError"
pid: 55051
hostname: ccdeMacBook-Pro.local

2021-04-09 08:29:20,282 ERROR 55051 nodejs.ClusterClientNoResponseError: client no response in 574470ms exceeding maxIdleTime 60000ms, maybe the connection is close on other side.
    at Timeout._onTimeout (/Users/cc/github/react-ssr-pie/node_modules/cluster-client/lib/leader.js:77:23)
    at listOnTimeout (internal/timers.js:549:17)
    at processTimers (internal/timers.js:492:7)
name: "ClusterClientNoResponseError"
pid: 55051
hostname: ccdeMacBook-Pro.local

2021-04-09 08:56:38,187 ERROR 55051 nodejs.ClusterClientNoResponseError: client no response in 1617898ms exceeding maxIdleTime 60000ms, maybe the connection is close on other side.
    at Timeout._onTimeout (/Users/cc/github/react-ssr-pie/node_modules/cluster-client/lib/leader.js:77:23)
    at listOnTimeout (internal/timers.js:549:17)
    at processTimers (internal/timers.js:492:7)
name: "ClusterClientNoResponseError"
pid: 55051
hostname: ccdeMacBook-Pro.local

2021-04-09 09:48:54,365 ERROR 55051 nodejs.ClusterClientNoResponseError: client no response in 575612ms exceeding maxIdleTime 60000ms, maybe the connection is close on other side.
    at Timeout._onTimeout (/Users/cc/github/react-ssr-pie/node_modules/cluster-client/lib/leader.js:77:23)
    at listOnTimeout (internal/timers.js:549:17)
    at processTimers (internal/timers.js:492:7)
name: "ClusterClientNoResponseError"
pid: 55051
hostname: ccdeMacBook-Pro.local

2021-04-09 20:08:03,670 ERROR 55051 nodejs.ClusterClientNoResponseError: client no response in 37129013ms exceeding maxIdleTime 60000ms, maybe the connection is close on other side.
    at Timeout._onTimeout (/Users/cc/github/react-ssr-pie/node_modules/cluster-client/lib/leader.js:77:23)
    at listOnTimeout (internal/timers.js:549:17)
    at processTimers (internal/timers.js:492:7)
name: "ClusterClientNoResponseError"
pid: 55051
hostname: ccdeMacBook-Pro.local

